<?xml version="1.0" encoding="UTF-8"?>
<!DOCTYPE log4j:configuration SYSTEM "log4j.dtd">
<log4j:configuration xmlns:log4j="http://jakarta.apache.org/log4j/" debug="false">

    <!-- Declare the ConsoleAppender -->
    <appender name="CONSOLE" class="org.apache.log4j.ConsoleAppender">
        <param name="Target" value="System.out"/>
        <layout class="org.apache.log4j.PatternLayout">
            <param name="ConversionPattern"
                   value="[%d] [%-5p] [%t] [${host.name}] [%X{ipAddress}] [%X{userUid}] [%c{6}] %m%n"/>
        </layout>
    </appender>

    <!-- ############### Hibernate ################# -->

    <!--category name="org.hibernate">
        <priority value="INFO"/>
    </category-->
    <!--category name="org.hibernate.SQL">
        <priority value="TRACE"/>
    </category-->
    <!--category name="org.hibernate.type">
        <priority value="TRACE"/>
    </category-->
    <!--category name="org.hibernate.loader">
        <priority value="TRACE"/>
    </category-->
    <!--category name="org.hibernate.cache">
        <priority value="TRACE"/>
    </category-->

    <!-- ############### Spring ################# -->

    <!--category name="org.springframework">
        <priority value="DEBUG"/>
    </category-->

    <!-- ############### AMEE ################### -->

    <category name="com.amee">
        <priority value="${amee.logLevel}"/>
    </category>

    <!-- ############### log4jdbc ################### -->
    <!-- See: http://code.google.com/p/log4jdbc/ -->

    <category name="jdbc.sqlonly">
        <priority value="ERROR"/>
    </category>

    <category name="jdbc.sqltiming">
        <priority value="ERROR"/>
    </category>

    <category name="jdbc.audit">
        <priority value="ERROR"/>
    </category>

    <category name="jdbc.resultset">
        <priority value="ERROR"/>
    </category>

    <category name="jdbc.connection">
        <priority value="ERROR"/>
    </category>

    <!-- ############### Default ################### -->

    <root>
        <priority value="${amee.defaultLogLevel}"/>
        <appender-ref ref="CONSOLE"/>
    </root>

</log4j:configuration>